-------------------------------------------------------------------------------
Test set: com.example1.demo12.Demo12ApplicationTests
-------------------------------------------------------------------------------
Tests run: 1, Failures: 0, Errors: 1, Skipped: 0, Time elapsed: 0.853 s <<< FAILURE! - in com.example1.demo12.Demo12ApplicationTests
initializationError(com.example1.demo12.Demo12ApplicationTests)  Time elapsed: 0.005 s  <<< ERROR!
java.lang.IllegalStateException: Unable to find a @SpringBootConfiguration, you need to use @ContextConfiguration or @SpringBootTest(classes=...) with your test

